<?xml version="1.0" encoding="UTF-8"?>
<!-- Generated by org.testng.reporters.JUnitReportReporter -->
<testsuite hostname="Marktine-R3" failures="0" tests="2" name="testCases.TC_001" time="16.223" errors="0" timestamp="2024-09-06T21:45:27 IST" skipped="0">
  <testcase classname="testCases.TC_001" name="testCandLogin" time="12.417"/>
  <system-out/>
  <testcase classname="testCases.TC_001" name="testRecLogin" time="3.806"/>
  <system-out/>
</testsuite> <!-- testCases.TC_001 -->
