<?xml version="1.0" encoding="UTF-8"?>
<!-- Generated by org.testng.reporters.JUnitReportReporter -->
<testsuite hostname="Marktine-R3" failures="0" tests="3" name="testCases.TC_001" time="24.961" errors="0" timestamp="2024-09-07T08:00:05 IST" skipped="0">
  <testcase classname="testCases.TC_001" name="testCandLogin" time="11.754"/>
  <system-out/>
  <testcase classname="testCases.TC_001" name="testRecLogin" time="9.966"/>
  <system-out/>
  <testcase classname="testCases.TC_001" name="print" time="3.241"/>
  <system-out/>
</testsuite> <!-- testCases.TC_001 -->
