<?xml version="1.0" encoding="UTF-8"?>
<!-- Generated by org.testng.reporters.JUnitReportReporter -->
<testsuite hostname="Marktine-R3" failures="0" tests="2" name="testCases.TC_001" time="19.992" errors="0" timestamp="2024-09-06T07:11:30 IST" skipped="0">
  <testcase classname="testCases.TC_001" name="testCandLogin" time="16.235"/>
  <system-out/>
  <testcase classname="testCases.TC_001" name="testRecLogin" time="3.757"/>
  <system-out/>
</testsuite> <!-- testCases.TC_001 -->
